2023-04-03 03:06:00.128732 - Initialized conversion of CBT848
2023-04-03 03:06:00.672861 - Received CBT.V504.FILE848.PDS from FILE848.XMI 
2023-04-03 03:06:00.675666 - Found $$$#DATE.txt (text/plain) in CBT.V504.FILE848.PDS, moved to PDS/$$$#DATE
2023-04-03 03:06:00.676639 - Found $$RELOAD.jcl (text/plain) in CBT.V504.FILE848.PDS, moved to PDS/$$RELOAD
2023-04-03 03:06:00.677747 - Found $$UNLOAD.jcl (text/plain) in CBT.V504.FILE848.PDS, moved to PDS/$$UNLOAD
2023-04-03 03:06:00.678881 - Found #DOC.txt (text/plain) in CBT.V504.FILE848.PDS, moved to PDS/#DOC
2023-04-03 03:06:00.679828 - Found #INSTGDE.txt (text/plain) in CBT.V504.FILE848.PDS, moved to PDS/#INSTGDE
2023-04-03 03:06:00.680734 - Found #OPERGDE.txt (text/plain) in CBT.V504.FILE848.PDS, moved to PDS/#OPERGDE
2023-04-03 03:06:00.681657 - Found #USERGDE.txt (text/plain) in CBT.V504.FILE848.PDS, moved to PDS/#USERGDE
2023-04-03 03:06:00.682498 - Found @FILE848.txt (text/plain) in CBT.V504.FILE848.PDS, moved to PDS/@FILE848
2023-04-03 03:06:00.683383 - Found ACF2R.txt (text/plain) in CBT.V504.FILE848.PDS, moved to PDS/ACF2R
2023-04-03 03:06:00.684251 - Found ACF2RULE.jcl (text/plain) in CBT.V504.FILE848.PDS, moved to PDS/ACF2RULE
2023-04-03 03:06:00.685207 - Found ALLOCADR.jcl (text/plain) in CBT.V504.FILE848.PDS, moved to PDS/ALLOCADR
2023-04-03 03:06:00.686116 - Found ALLOCARC.jcl (text/plain) in CBT.V504.FILE848.PDS, moved to PDS/ALLOCARC
2023-04-03 03:06:00.687007 - Found ALLOCLS.jcl (text/plain) in CBT.V504.FILE848.PDS, moved to PDS/ALLOCLS
2023-04-03 03:06:00.687933 - Found AMDX20.txt (text/plain) in CBT.V504.FILE848.PDS, moved to PDS/AMDX20
2023-04-03 03:06:00.688844 - Found AMDX21.txt (text/plain) in CBT.V504.FILE848.PDS, moved to PDS/AMDX21
2023-04-03 03:06:00.689717 - Found AMDX2101.txt (text/plain) in CBT.V504.FILE848.PDS, moved to PDS/AMDX2101
2023-04-03 03:06:00.690574 - Found ASMHCL2.txt (text/plain) in CBT.V504.FILE848.PDS, moved to PDS/ASMHCL2
2023-04-03 03:06:00.691495 - Found FIXARDIR.jcl (text/plain) in CBT.V504.FILE848.PDS, moved to PDS/FIXARDIR
2023-04-03 03:06:00.692406 - Found INITDALY.jcl (text/plain) in CBT.V504.FILE848.PDS, moved to PDS/INITDALY
2023-04-03 03:06:00.693249 - Found INITWKLY.jcl (text/plain) in CBT.V504.FILE848.PDS, moved to PDS/INITWKLY
2023-04-03 03:06:00.694402 - Found JCLLIST.txt (text/plain) in CBT.V504.FILE848.PDS, moved to PDS/JCLLIST
2023-04-03 03:06:00.695717 - Found JCLLISTL.jcl (text/plain) in CBT.V504.FILE848.PDS, moved to PDS/JCLLISTL
2023-04-03 03:06:00.697067 - Found JCLLIST8.txt (text/plain) in CBT.V504.FILE848.PDS, moved to PDS/JCLLIST8
2023-04-03 03:06:00.698281 - Found JCLLIST9.txt (text/plain) in CBT.V504.FILE848.PDS, moved to PDS/JCLLIST9
2023-04-03 03:06:00.699463 - Found JCLNSP13.txt (text/plain) in CBT.V504.FILE848.PDS, moved to PDS/JCLNSP13
2023-04-03 03:06:00.700582 - Found JES2SP13.txt (text/plain) in CBT.V504.FILE848.PDS, moved to PDS/JES2SP13
2023-04-03 03:06:00.701635 - Found LIBSPOOL.txt (text/plain) in CBT.V504.FILE848.PDS, moved to PDS/LIBSPOOL
2023-04-03 03:06:00.702613 - Found LSADRCPY.jcl (text/plain) in CBT.V504.FILE848.PDS, moved to PDS/LSADRCPY
2023-04-03 03:06:00.703726 - Found LSLIBCPY.jcl (text/plain) in CBT.V504.FILE848.PDS, moved to PDS/LSLIBCPY
2023-04-03 03:06:00.704909 - Found LSMODCPY.jcl (text/plain) in CBT.V504.FILE848.PDS, moved to PDS/LSMODCPY
2023-04-03 03:06:00.706019 - Found OPSX06.txt (text/plain) in CBT.V504.FILE848.PDS, moved to PDS/OPSX06
2023-04-03 03:06:00.707110 - Found OPSX0601.txt (text/plain) in CBT.V504.FILE848.PDS, moved to PDS/OPSX0601
2023-04-03 03:06:00.708070 - Found OPSX0602.txt (text/plain) in CBT.V504.FILE848.PDS, moved to PDS/OPSX0602
2023-04-03 03:06:00.709156 - Found OPSX0603.txt (text/plain) in CBT.V504.FILE848.PDS, moved to PDS/OPSX0603
2023-04-03 03:06:00.710153 - Found OPSX0604.txt (text/plain) in CBT.V504.FILE848.PDS, moved to PDS/OPSX0604
2023-04-03 03:06:00.711168 - Found OPSX07.txt (text/plain) in CBT.V504.FILE848.PDS, moved to PDS/OPSX07
2023-04-03 03:06:00.712247 - Found OPSX0701.txt (text/plain) in CBT.V504.FILE848.PDS, moved to PDS/OPSX0701
2023-04-03 03:06:00.713220 - Found OPSX0702.txt (text/plain) in CBT.V504.FILE848.PDS, moved to PDS/OPSX0702
2023-04-03 03:06:00.714263 - Found OPSX0703.txt (text/plain) in CBT.V504.FILE848.PDS, moved to PDS/OPSX0703
2023-04-03 03:06:00.715346 - Found OPSX0704.txt (text/plain) in CBT.V504.FILE848.PDS, moved to PDS/OPSX0704
2023-04-03 03:06:00.716369 - Found OPSX0705.txt (text/plain) in CBT.V504.FILE848.PDS, moved to PDS/OPSX0705
2023-04-03 03:06:00.717437 - Found OPSX0706.txt (text/plain) in CBT.V504.FILE848.PDS, moved to PDS/OPSX0706
2023-04-03 03:06:00.718454 - Found OPSX0707.txt (text/plain) in CBT.V504.FILE848.PDS, moved to PDS/OPSX0707
2023-04-03 03:06:00.719797 - Found OPSX08.txt (text/plain) in CBT.V504.FILE848.PDS, moved to PDS/OPSX08
2023-04-03 03:06:00.720785 - Found OPS4318G.txt (text/plain) in CBT.V504.FILE848.PDS, moved to PDS/OPS4318G
2023-04-03 03:06:00.721799 - Found OPS4318L.jcl (text/plain) in CBT.V504.FILE848.PDS, moved to PDS/OPS4318L
2023-04-03 03:06:00.722932 - Found OPS4319G.txt (text/plain) in CBT.V504.FILE848.PDS, moved to PDS/OPS4319G
2023-04-03 03:06:00.723916 - Found OPS4319L.jcl (text/plain) in CBT.V504.FILE848.PDS, moved to PDS/OPS4319L
2023-04-03 03:06:00.724935 - Found OPS4320G.txt (text/plain) in CBT.V504.FILE848.PDS, moved to PDS/OPS4320G
2023-04-03 03:06:00.725875 - Found OPS4320L.jcl (text/plain) in CBT.V504.FILE848.PDS, moved to PDS/OPS4320L
2023-04-03 03:06:00.726827 - Found OPS4321G.txt (text/plain) in CBT.V504.FILE848.PDS, moved to PDS/OPS4321G
2023-04-03 03:06:00.727772 - Found OPS4321H.txt (text/plain) in CBT.V504.FILE848.PDS, moved to PDS/OPS4321H
2023-04-03 03:06:00.728921 - Found OPS4321L.jcl (text/plain) in CBT.V504.FILE848.PDS, moved to PDS/OPS4321L
2023-04-03 03:06:00.729883 - Found OPS4322G.txt (text/plain) in CBT.V504.FILE848.PDS, moved to PDS/OPS4322G
2023-04-03 03:06:00.730933 - Found OPS4322L.jcl (text/plain) in CBT.V504.FILE848.PDS, moved to PDS/OPS4322L
2023-04-03 03:06:00.731863 - Found OPS4323G.txt (text/plain) in CBT.V504.FILE848.PDS, moved to PDS/OPS4323G
2023-04-03 03:06:00.732750 - Found OPS4323L.jcl (text/plain) in CBT.V504.FILE848.PDS, moved to PDS/OPS4323L
2023-04-03 03:06:00.733636 - Found OPS4341G.txt (text/plain) in CBT.V504.FILE848.PDS, moved to PDS/OPS4341G
2023-04-03 03:06:00.734502 - Found OPS4341L.jcl (text/plain) in CBT.V504.FILE848.PDS, moved to PDS/OPS4341L
2023-04-03 03:06:00.735483 - Found OXYJCLL.txt (text/plain) in CBT.V504.FILE848.PDS, moved to PDS/OXYJCLL
2023-04-03 03:06:00.736632 - Found OXYP.jcl (text/plain) in CBT.V504.FILE848.PDS, moved to PDS/OXYP
2023-04-03 03:06:00.737542 - Found RESTORE.jcl (text/plain) in CBT.V504.FILE848.PDS, moved to PDS/RESTORE
2023-04-03 03:06:00.738400 - Found RPTARCTP.jcl (text/plain) in CBT.V504.FILE848.PDS, moved to PDS/RPTARCTP
2023-04-03 03:06:00.739242 - Found SYS005LK.jcl (text/plain) in CBT.V504.FILE848.PDS, moved to PDS/SYS005LK
2023-04-03 03:06:00.740156 - Found SYS005PA.txt (text/plain) in CBT.V504.FILE848.PDS, moved to PDS/SYS005PA
2023-04-03 03:06:00.741020 - Found SYS005PB.txt (text/plain) in CBT.V504.FILE848.PDS, moved to PDS/SYS005PB
2023-04-03 03:06:00.741907 - Found SYS005P0.txt (text/plain) in CBT.V504.FILE848.PDS, moved to PDS/SYS005P0
2023-04-03 03:06:00.742757 - Found SYS007LK.jcl (text/plain) in CBT.V504.FILE848.PDS, moved to PDS/SYS007LK
2023-04-03 03:06:00.743640 - Found SYS007P0.txt (text/plain) in CBT.V504.FILE848.PDS, moved to PDS/SYS007P0
2023-04-03 03:06:00.744507 - Found TT.txt (text/plain) in CBT.V504.FILE848.PDS, moved to PDS/TT
